MPASM 5.76              LED_INTRODUCTION.ASM   8-3-2022  13:55:45         PAGE  1


LOC  OBJECT CODE     LINE SOURCE TEXT
  VALUE

                      00001 
                      00002 ; PICBASIC PRO(TM) Compiler 2.60, (c) 1998, 2009 microEngineering Labs, Inc. All Rights Reserved. 
  00000001            00003 _USED                   EQU     1
                      00004 
                      00005         INCLUDE "C:\PBP\16F887.INC"
                      00001 ;****************************************************************
                      00002 ;*  16F887.INC                                                  *
                      00003 ;*                                                              *
                      00004 ;*  By        : Leonard Zerman, Jeff Schmoyer                   *
                      00005 ;*  Notice    : Copyright (c) 2009 microEngineering Labs, Inc.  *
                      00006 ;*              All Rights Reserved                             *
                      00007 ;*  Date      : 07/02/09                                        *
                      00008 ;*  Version   : 2.60                                            *
                      00009 ;*  Notes     :                                                 *
                      00010 ;****************************************************************
                      00019         LIST
                      00020         LIST p = 16F887, r = dec, w = -302
                      00021         INCLUDE "P16F887.INC"   ; MPASM  Header
                      00001         LIST
                      00002 
                      00003 ;==========================================================================
                      00004 ; Build date : Sep 19 2017
                      00005 ;  MPASM PIC16F887 processor include
                      00006 ; 
                      00007 ;  (c) Copyright 1999-2017 Microchip Technology, All rights reserved
                      00008 ;==========================================================================
                      00009 
                      00810         LIST
2007   2FFC           00022         __config _CONFIG1, _INTRC_OSC_NOCLKOUT & _WDT_ON & _MCLRE_ON & _LVP_OFF & _CP_OFF
                      00025         LIST
                      00006 
                      00007 
                      00008 ; Define statements.
                      00009 ; C:\PBP\16F887.BAS             00018   DEFINE  CODE_SIZE 8
                      00010 #define         CODE_SIZE                8
                      00011 ; D:\PIC\PROGRAMS\LED_INTRODUCTION.PBP  00012   define osc 4
                      00012 #define         osc              4
                      00013 
  00000020            00014 RAM_START                       EQU     00020h
  000001EF            00015 RAM_END                         EQU     001EFh
  00000004            00016 RAM_BANKS                       EQU     00004h
  00000020            00017 BANK0_START                     EQU     00020h
  0000007F            00018 BANK0_END                       EQU     0007Fh
  000000A0            00019 BANK1_START                     EQU     000A0h
  000000EF            00020 BANK1_END                       EQU     000EFh
  00000110            00021 BANK2_START                     EQU     00110h
  0000016F            00022 BANK2_END                       EQU     0016Fh
  00000190            00023 BANK3_START                     EQU     00190h
  000001EF            00024 BANK3_END                       EQU     001EFh
  00002100            00025 EEPROM_START                    EQU     02100h
  000021FF            00026 EEPROM_END                      EQU     021FFh
                      00027 
                      00028 ; C:\PBP\PBPPIC14.RAM           00012   A00020  R0      VAR     WORD BANK0 SYSTEM       ' System Registe
MPASM 5.76              LED_INTRODUCTION.ASM   8-3-2022  13:55:45         PAGE  2


LOC  OBJECT CODE     LINE SOURCE TEXT
  VALUE

                            r
  00000020            00029 R0                              EQU     RAM_START + 000h
                      00030 ; C:\PBP\PBPPIC14.RAM           00013   A00022  R1      VAR     WORD BANK0 SYSTEM       ' System Registe
                            r
  00000022            00031 R1                              EQU     RAM_START + 002h
                      00032 ; C:\PBP\PBPPIC14.RAM           00014   A00024  R2      VAR     WORD BANK0 SYSTEM       ' System Registe
                            r
  00000024            00033 R2                              EQU     RAM_START + 004h
                      00034 ; C:\PBP\PBPPIC14.RAM           00015   A00026  R3      VAR     WORD BANK0 SYSTEM       ' System Registe
                            r
  00000026            00035 R3                              EQU     RAM_START + 006h
                      00036 ; C:\PBP\PBPPIC14.RAM           00016   A00028  R4      VAR     WORD BANK0 SYSTEM       ' System Registe
                            r
  00000028            00037 R4                              EQU     RAM_START + 008h
                      00038 ; C:\PBP\PBPPIC14.RAM           00017   A0002A  R5      VAR     WORD BANK0 SYSTEM       ' System Registe
                            r
  0000002A            00039 R5                              EQU     RAM_START + 00Ah
                      00040 ; C:\PBP\PBPPIC14.RAM           00018   A0002C  R6      VAR     WORD BANK0 SYSTEM       ' System Registe
                            r
  0000002C            00041 R6                              EQU     RAM_START + 00Ch
                      00042 ; C:\PBP\PBPPIC14.RAM           00019   A0002E  R7      VAR     WORD BANK0 SYSTEM       ' System Registe
                            r
  0000002E            00043 R7                              EQU     RAM_START + 00Eh
                      00044 ; C:\PBP\PBPPIC14.RAM           00020   A00030  R8      VAR     WORD BANK0 SYSTEM       ' System Registe
                            r
  00000030            00045 R8                              EQU     RAM_START + 010h
                      00046 ; C:\PBP\PBPPIC14.RAM           00026   A00032  FLAGS   VAR     BYTE BANK0 SYSTEM       ' Static flags
  00000032            00047 FLAGS                           EQU     RAM_START + 012h
                      00048 ; C:\PBP\PBPPIC14.RAM           00025   A00033  GOP     VAR     BYTE BANK0 SYSTEM       ' Gen Op Paramet
                            er
  00000033            00049 GOP                             EQU     RAM_START + 013h
                      00050 ; C:\PBP\PBPPIC14.RAM           00022   A00034  RM1     VAR     BYTE BANK0 SYSTEM       ' Pin 1 Mask
  00000034            00051 RM1                             EQU     RAM_START + 014h
                      00052 ; C:\PBP\PBPPIC14.RAM           00024   A00035  RM2     VAR     BYTE BANK0 SYSTEM       ' Pin 2 Mask
  00000035            00053 RM2                             EQU     RAM_START + 015h
                      00054 ; C:\PBP\PBPPIC14.RAM           00021   A00036  RR1     VAR     BYTE BANK0 SYSTEM       ' Pin 1 Register
  00000036            00055 RR1                             EQU     RAM_START + 016h
                      00056 ; C:\PBP\PBPPIC14.RAM           00023   A00037  RR2     VAR     BYTE BANK0 SYSTEM       ' Pin 2 Register
  00000037            00057 RR2                             EQU     RAM_START + 017h
                      00058 ; C:\PBP\16F887.BAS             00022   PORTL   VAR     PORTB
  00000006            00059 _PORTL                          EQU      PORTB
                      00060 ; C:\PBP\16F887.BAS             00023   PORTH   VAR     PORTC
  00000007            00061 _PORTH                          EQU      PORTC
                      00062 ; C:\PBP\16F887.BAS             00024   TRISL   VAR     TRISB
  00000086            00063 _TRISL                          EQU      TRISB
                      00064 ; C:\PBP\16F887.BAS             00025   TRISH   VAR     TRISC
  00000087            00065 _TRISH                          EQU      TRISC
                      00066 #define _PORTB??0                PORTB, 000h
                      00067         INCLUDE "LED_INTRODUCTION.MAC"
                      00001 
                      00033         LIST
                      00068         INCLUDE "C:\PBP\PBPPIC14.LIB"
                      00001 ;******************************************************************
MPASM 5.76              LED_INTRODUCTION.ASM   8-3-2022  13:55:45         PAGE  3


LOC  OBJECT CODE     LINE SOURCE TEXT
  VALUE

                      00002 ;*  PBPPIC14.LIB                                                  *
                      00003 ;*                                                                *
                      00004 ;*  By        : Leonard Zerman, Jeff Schmoyer                     *
                      00005 ;*  Notice    : Copyright (c) 2009 microEngineering Labs, Inc.    *
                      00006 ;*              All Rights Reserved                               *
                      00007 ;*  Date      : 07/08/09                                          *
                      00008 ;*  Version   : 2.60                                              *
                      00009 ;*  Notes     :                                                   *
                      00010 ;******************************************************************
                      00054   LIST
                      00055 ; Oscillator is 4MHz
                      01133   LIST
0000                  01134     ORG RESET_ORG               ; Reset vector usually at 0
                      01149   LIST
0000   2828           01150         goto    INIT            ; Finish initialization
                      06329   LIST
0001   01A3           06330 PAUSE   clrf    R1 + 1
0002   00A2           06331 PAUSEL  movwf   R1
0003   30FF           06332 pauseloop movlw -1              ; 1 (9)
0004   07A2           06333         addwf   R1, F           ; 1
0005   1C03           06334         btfss   STATUS, C       ; 1 / 2
0006   07A3           06335         addwf   R1 + 1, F       ; 1 / 0
0007   1C03           06336         btfss   STATUS, C       ; 2
0008   2823           06337         goto    DONE
0009   3003           06338         movlw   (PAUSE_DELAY) >> 8      ; 1
000A   00A1           06339         movwf   R0 + 1          ; 1
000B   30DF           06340         movlw   low (PAUSE_DELAY)       ; 1
000C   200F           06341         call    PAUSEUSL        ; -2 (PAUSEUSL gives you 2 less than you ask for)
000D   2803           06342         goto    pauseloop       ; 2
                      06386   LIST
000E   01A1           06387 PAUSEUS clrf    R0 + 1          ; 1
000F   3EE8           06388 PAUSEUSL addlw  -24             ; 1 Subtract overhead
0010   00A0           06389         movwf   R0              ; 1
0011   09A1           06390         comf    R0 + 1, F       ; 1
0012   30FC           06391         movlw   -4              ; 1
0013   1C03           06392         btfss   STATUS, C       ; 1 / 2
0014   2818           06393         goto    pauseush        ; 2 / 0
0015   07A0           06394 pauseusloop addwf R0, F         ; 1
0016   1803           06395         btfsc   STATUS, C       ; 1 / 2
0017   2815           06396         goto    pauseusloop     ; 2 / 0
0018   07A0           06397 pauseush addwf  R0, F           ; 1 Do an extra countdown
                      06398         CLRWDT?NOP              ; 1 Keep Watchdog clear
                          M     ifndef NO_CLRWDT
0019   0064               M         clrwdt
                          M     else
                          M         nop
                          M     endif
001A   0FA1           06399         incfsz  R0 + 1, F       ; 1 / 2
001B   2815           06400         goto    pauseusloop     ; 2 / 0
001C   1820           06401         btfsc   R0, 0           ; 1 / 2
001D   281E           06402         goto    $ + 1           ; 2 / 0 Burn an extra cycle
001E   1CA0           06403         btfss   R0, 1           ; 1 / 2
001F   2822           06404         goto    pauseusdone     ; 2 / 0
MPASM 5.76              LED_INTRODUCTION.ASM   8-3-2022  13:55:45         PAGE  4


LOC  OBJECT CODE     LINE SOURCE TEXT
  VALUE

0020   0000           06405         nop                     ; 1
0021   2822           06406         goto    $ + 1           ; 2 Burn an extra 2 cycles
0022   0008           06407 pauseusdone return              ; 2 + 3 (call + setup)
                      07766   LIST
0023   1383           07767 DONE    bcf     STATUS, IRP     ; 1 Set FSR to bank 0/1
0024   1303           07768         bcf     STATUS, RP1     ; 1 Show direct bank 0
0025   1283           07769         bcf     STATUS, RP0     ; 1
                      07770         CLRWDT?NOP              ; 1 Hit Watchdog timer
                          M     ifndef NO_CLRWDT
0026   0064               M         clrwdt
                          M     else
                          M         nop
                          M     endif
0027   0008           07771 DONERET return                  ; 2 Done
                      07797   LIST
0028                  07798 INIT
                      07836   LIST
0028                  07837 main
                      00069 
                      00070 
                      00071 ; C:\PBP\16F887.BAS             00012   BANK0   $0020, $007F
                      00072 ; C:\PBP\16F887.BAS             00013   BANK1   $00A0, $00EF
                      00073 ; C:\PBP\16F887.BAS             00014   BANK2   $0110, $016F
                      00074 ; C:\PBP\16F887.BAS             00015   BANK3   $0190, $01EF
                      00075 ; C:\PBP\16F887.BAS             00016   EEPROM  $2100, $21FF
                      00076 ; C:\PBP\16F887.BAS             00017   LIBRARY "PBPPIC14"
                      00077 ; C:\PBP\16F887.BAS             00018   DEFINE  CODE_SIZE 8
                      00078 
                      00079 ; C:\PBP\16F887.BAS             00020           include "PIC14EXT.BAS"
                      00080 
                      00081 ; C:\PBP\16F887.BAS             00027           include "PBPPIC14.RAM"
                      00082 
                      00083 ; C:\PBP\16F887.BAS             00029           ADCON0 = $c0    ' Start off with RC
                      00084         MOVE?CB 0C0h, ADCON0
                          M         CHK?RP  ADCON0
                          M     if (((ADCON0) & 180h) == 0)
                          M       if (PREV_BANK == 1)
                          M         bcf     STATUS, RP0
                          M       endif
                          M       if (PREV_BANK == 2)
                          M         bcf     STATUS, RP1
                          M       endif
                          M       if (PREV_BANK == 3)
                          M         bcf     STATUS, RP0
                          M         bcf     STATUS, RP1
                          M       endif
  00000000                M PREV_BANK = 0
                          M     endif
                          M 
                          M     if (((ADCON0) & 180h) == 80h)
                          M       if (PREV_BANK == 0)
                          M         bsf     STATUS, RP0
                          M       endif
MPASM 5.76              LED_INTRODUCTION.ASM   8-3-2022  13:55:45         PAGE  5


LOC  OBJECT CODE     LINE SOURCE TEXT
  VALUE

                          M       if (PREV_BANK == 2)
                          M         bsf     STATUS, RP0
                          M         bcf     STATUS, RP1
                          M       endif
                          M       if (PREV_BANK == 3)
                          M         bcf     STATUS, RP1
                          M       endif
                          M PREV_BANK = 1
                          M     endif
                          M 
                          M     if (((ADCON0) & 180h) == 100h)
                          M       if (PREV_BANK == 0)
                          M         bsf     STATUS, RP1
                          M       endif
                          M       if (PREV_BANK == 1)
                          M         bcf     STATUS, RP0
                          M         bsf     STATUS, RP1
                          M       endif
                          M       if (PREV_BANK == 3)
                          M         bcf     STATUS, RP0
                          M       endif
                          M PREV_BANK = 2
                          M     endif
                          M 
                          M     if (((ADCON0) & 180h) == 180h)
                          M       if (PREV_BANK == 0)
                          M         bsf     STATUS, RP0
                          M         bsf     STATUS, RP1
                          M       endif
                          M       if (PREV_BANK == 1)
                          M         bsf     STATUS, RP1
                          M       endif
                          M       if (PREV_BANK == 2)
                          M         bsf     STATUS, RP0
                          M       endif
                          M PREV_BANK = 3
                          M     endif
                          M     if (low (0C0h) == 0)
                          M         clrf    ADCON0
                          M     else
0028   30C0               M         movlw   low (0C0h)
0029   009F               M         movwf   ADCON0
                          M     endif
                      00085 ; D:\PIC\PROGRAMS\LED_INTRODUCTION.PBP  00012   define osc 4
                      00086 
                      00087 ; D:\PIC\PROGRAMS\LED_INTRODUCTION.PBP  00014   TRISA=%11111111
                      00088         MOVE?CB 0FFh, TRISA
                          M         CHK?RP  TRISA
                          M     if (((TRISA) & 180h) == 0)
                          M       if (PREV_BANK == 1)
                          M         bcf     STATUS, RP0
                          M       endif
                          M       if (PREV_BANK == 2)
MPASM 5.76              LED_INTRODUCTION.ASM   8-3-2022  13:55:45         PAGE  6


LOC  OBJECT CODE     LINE SOURCE TEXT
  VALUE

                          M         bcf     STATUS, RP1
                          M       endif
                          M       if (PREV_BANK == 3)
                          M         bcf     STATUS, RP0
                          M         bcf     STATUS, RP1
                          M       endif
                          M PREV_BANK = 0
                          M     endif
                          M 
                          M     if (((TRISA) & 180h) == 80h)
                          M       if (PREV_BANK == 0)
002A   1683               M         bsf     STATUS, RP0
                          M       endif
                          M       if (PREV_BANK == 2)
                          M         bsf     STATUS, RP0
                          M         bcf     STATUS, RP1
                          M       endif
                          M       if (PREV_BANK == 3)
                          M         bcf     STATUS, RP1
                          M       endif
  00000001                M PREV_BANK = 1
                          M     endif
                          M 
                          M     if (((TRISA) & 180h) == 100h)
                          M       if (PREV_BANK == 0)
                          M         bsf     STATUS, RP1
                          M       endif
                          M       if (PREV_BANK == 1)
                          M         bcf     STATUS, RP0
                          M         bsf     STATUS, RP1
                          M       endif
                          M       if (PREV_BANK == 3)
                          M         bcf     STATUS, RP0
                          M       endif
                          M PREV_BANK = 2
                          M     endif
                          M 
                          M     if (((TRISA) & 180h) == 180h)
                          M       if (PREV_BANK == 0)
                          M         bsf     STATUS, RP0
                          M         bsf     STATUS, RP1
                          M       endif
                          M       if (PREV_BANK == 1)
                          M         bsf     STATUS, RP1
                          M       endif
                          M       if (PREV_BANK == 2)
                          M         bsf     STATUS, RP0
                          M       endif
                          M PREV_BANK = 3
                          M     endif
                          M     if (low (0FFh) == 0)
                          M         clrf    TRISA
                          M     else
MPASM 5.76              LED_INTRODUCTION.ASM   8-3-2022  13:55:45         PAGE  7


LOC  OBJECT CODE     LINE SOURCE TEXT
  VALUE

002B   30FF               M         movlw   low (0FFh)
002C   0085               M         movwf   TRISA
                          M     endif
                      00089 
                      00090 ; D:\PIC\PROGRAMS\LED_INTRODUCTION.PBP  00016   TRISB=%11111110
                      00091         MOVE?CB 0FEh, TRISB
                          M         CHK?RP  TRISB
                          M     if (((TRISB) & 180h) == 0)
                          M       if (PREV_BANK == 1)
                          M         bcf     STATUS, RP0
                          M       endif
                          M       if (PREV_BANK == 2)
                          M         bcf     STATUS, RP1
                          M       endif
                          M       if (PREV_BANK == 3)
                          M         bcf     STATUS, RP0
                          M         bcf     STATUS, RP1
                          M       endif
                          M PREV_BANK = 0
                          M     endif
                          M 
                          M     if (((TRISB) & 180h) == 80h)
                          M       if (PREV_BANK == 0)
                          M         bsf     STATUS, RP0
                          M       endif
                          M       if (PREV_BANK == 2)
                          M         bsf     STATUS, RP0
                          M         bcf     STATUS, RP1
                          M       endif
                          M       if (PREV_BANK == 3)
                          M         bcf     STATUS, RP1
                          M       endif
  00000001                M PREV_BANK = 1
                          M     endif
                          M 
                          M     if (((TRISB) & 180h) == 100h)
                          M       if (PREV_BANK == 0)
                          M         bsf     STATUS, RP1
                          M       endif
                          M       if (PREV_BANK == 1)
                          M         bcf     STATUS, RP0
                          M         bsf     STATUS, RP1
                          M       endif
                          M       if (PREV_BANK == 3)
                          M         bcf     STATUS, RP0
                          M       endif
                          M PREV_BANK = 2
                          M     endif
                          M 
                          M     if (((TRISB) & 180h) == 180h)
                          M       if (PREV_BANK == 0)
                          M         bsf     STATUS, RP0
                          M         bsf     STATUS, RP1
MPASM 5.76              LED_INTRODUCTION.ASM   8-3-2022  13:55:45         PAGE  8


LOC  OBJECT CODE     LINE SOURCE TEXT
  VALUE

                          M       endif
                          M       if (PREV_BANK == 1)
                          M         bsf     STATUS, RP1
                          M       endif
                          M       if (PREV_BANK == 2)
                          M         bsf     STATUS, RP0
                          M       endif
                          M PREV_BANK = 3
                          M     endif
                          M     if (low (0FEh) == 0)
                          M         clrf    TRISB
                          M     else
002D   30FE               M         movlw   low (0FEh)
002E   0086               M         movwf   TRISB
                          M     endif
                      00092 
                      00093 ; D:\PIC\PROGRAMS\LED_INTRODUCTION.PBP  00018   TRISC=%11111111
                      00094         MOVE?CB 0FFh, TRISC
                          M         CHK?RP  TRISC
                          M     if (((TRISC) & 180h) == 0)
                          M       if (PREV_BANK == 1)
                          M         bcf     STATUS, RP0
                          M       endif
                          M       if (PREV_BANK == 2)
                          M         bcf     STATUS, RP1
                          M       endif
                          M       if (PREV_BANK == 3)
                          M         bcf     STATUS, RP0
                          M         bcf     STATUS, RP1
                          M       endif
                          M PREV_BANK = 0
                          M     endif
                          M 
                          M     if (((TRISC) & 180h) == 80h)
                          M       if (PREV_BANK == 0)
                          M         bsf     STATUS, RP0
                          M       endif
                          M       if (PREV_BANK == 2)
                          M         bsf     STATUS, RP0
                          M         bcf     STATUS, RP1
                          M       endif
                          M       if (PREV_BANK == 3)
                          M         bcf     STATUS, RP1
                          M       endif
  00000001                M PREV_BANK = 1
                          M     endif
                          M 
                          M     if (((TRISC) & 180h) == 100h)
                          M       if (PREV_BANK == 0)
                          M         bsf     STATUS, RP1
                          M       endif
                          M       if (PREV_BANK == 1)
                          M         bcf     STATUS, RP0
MPASM 5.76              LED_INTRODUCTION.ASM   8-3-2022  13:55:45         PAGE  9


LOC  OBJECT CODE     LINE SOURCE TEXT
  VALUE

                          M         bsf     STATUS, RP1
                          M       endif
                          M       if (PREV_BANK == 3)
                          M         bcf     STATUS, RP0
                          M       endif
                          M PREV_BANK = 2
                          M     endif
                          M 
                          M     if (((TRISC) & 180h) == 180h)
                          M       if (PREV_BANK == 0)
                          M         bsf     STATUS, RP0
                          M         bsf     STATUS, RP1
                          M       endif
                          M       if (PREV_BANK == 1)
                          M         bsf     STATUS, RP1
                          M       endif
                          M       if (PREV_BANK == 2)
                          M         bsf     STATUS, RP0
                          M       endif
                          M PREV_BANK = 3
                          M     endif
                          M     if (low (0FFh) == 0)
                          M         clrf    TRISC
                          M     else
002F   30FF               M         movlw   low (0FFh)
0030   0087               M         movwf   TRISC
                          M     endif
                      00095 
                      00096 ; D:\PIC\PROGRAMS\LED_INTRODUCTION.PBP  00020   TRISD=%11111111
                      00097         MOVE?CB 0FFh, TRISD
                          M         CHK?RP  TRISD
                          M     if (((TRISD) & 180h) == 0)
                          M       if (PREV_BANK == 1)
                          M         bcf     STATUS, RP0
                          M       endif
                          M       if (PREV_BANK == 2)
                          M         bcf     STATUS, RP1
                          M       endif
                          M       if (PREV_BANK == 3)
                          M         bcf     STATUS, RP0
                          M         bcf     STATUS, RP1
                          M       endif
                          M PREV_BANK = 0
                          M     endif
                          M 
                          M     if (((TRISD) & 180h) == 80h)
                          M       if (PREV_BANK == 0)
                          M         bsf     STATUS, RP0
                          M       endif
                          M       if (PREV_BANK == 2)
                          M         bsf     STATUS, RP0
                          M         bcf     STATUS, RP1
                          M       endif
MPASM 5.76              LED_INTRODUCTION.ASM   8-3-2022  13:55:45         PAGE 10


LOC  OBJECT CODE     LINE SOURCE TEXT
  VALUE

                          M       if (PREV_BANK == 3)
                          M         bcf     STATUS, RP1
                          M       endif
  00000001                M PREV_BANK = 1
                          M     endif
                          M 
                          M     if (((TRISD) & 180h) == 100h)
                          M       if (PREV_BANK == 0)
                          M         bsf     STATUS, RP1
                          M       endif
                          M       if (PREV_BANK == 1)
                          M         bcf     STATUS, RP0
                          M         bsf     STATUS, RP1
                          M       endif
                          M       if (PREV_BANK == 3)
                          M         bcf     STATUS, RP0
                          M       endif
                          M PREV_BANK = 2
                          M     endif
                          M 
                          M     if (((TRISD) & 180h) == 180h)
                          M       if (PREV_BANK == 0)
                          M         bsf     STATUS, RP0
                          M         bsf     STATUS, RP1
                          M       endif
                          M       if (PREV_BANK == 1)
                          M         bsf     STATUS, RP1
                          M       endif
                          M       if (PREV_BANK == 2)
                          M         bsf     STATUS, RP0
                          M       endif
                          M PREV_BANK = 3
                          M     endif
                          M     if (low (0FFh) == 0)
                          M         clrf    TRISD
                          M     else
0031   30FF               M         movlw   low (0FFh)
0032   0088               M         movwf   TRISD
                          M     endif
                      00098 
                      00099 ; D:\PIC\PROGRAMS\LED_INTRODUCTION.PBP  00022   TRISE=%11111111
                      00100         MOVE?CB 0FFh, TRISE
                          M         CHK?RP  TRISE
                          M     if (((TRISE) & 180h) == 0)
                          M       if (PREV_BANK == 1)
                          M         bcf     STATUS, RP0
                          M       endif
                          M       if (PREV_BANK == 2)
                          M         bcf     STATUS, RP1
                          M       endif
                          M       if (PREV_BANK == 3)
                          M         bcf     STATUS, RP0
                          M         bcf     STATUS, RP1
MPASM 5.76              LED_INTRODUCTION.ASM   8-3-2022  13:55:45         PAGE 11


LOC  OBJECT CODE     LINE SOURCE TEXT
  VALUE

                          M       endif
                          M PREV_BANK = 0
                          M     endif
                          M 
                          M     if (((TRISE) & 180h) == 80h)
                          M       if (PREV_BANK == 0)
                          M         bsf     STATUS, RP0
                          M       endif
                          M       if (PREV_BANK == 2)
                          M         bsf     STATUS, RP0
                          M         bcf     STATUS, RP1
                          M       endif
                          M       if (PREV_BANK == 3)
                          M         bcf     STATUS, RP1
                          M       endif
  00000001                M PREV_BANK = 1
                          M     endif
                          M 
                          M     if (((TRISE) & 180h) == 100h)
                          M       if (PREV_BANK == 0)
                          M         bsf     STATUS, RP1
                          M       endif
                          M       if (PREV_BANK == 1)
                          M         bcf     STATUS, RP0
                          M         bsf     STATUS, RP1
                          M       endif
                          M       if (PREV_BANK == 3)
                          M         bcf     STATUS, RP0
                          M       endif
                          M PREV_BANK = 2
                          M     endif
                          M 
                          M     if (((TRISE) & 180h) == 180h)
                          M       if (PREV_BANK == 0)
                          M         bsf     STATUS, RP0
                          M         bsf     STATUS, RP1
                          M       endif
                          M       if (PREV_BANK == 1)
                          M         bsf     STATUS, RP1
                          M       endif
                          M       if (PREV_BANK == 2)
                          M         bsf     STATUS, RP0
                          M       endif
                          M PREV_BANK = 3
                          M     endif
                          M     if (low (0FFh) == 0)
                          M         clrf    TRISE
                          M     else
0033   30FF               M         movlw   low (0FFh)
0034   0089               M         movwf   TRISE
                          M     endif
                      00101 
                      00102 ; D:\PIC\PROGRAMS\LED_INTRODUCTION.PBP  00024   MAIN:
MPASM 5.76              LED_INTRODUCTION.ASM   8-3-2022  13:55:45         PAGE 12


LOC  OBJECT CODE     LINE SOURCE TEXT
  VALUE

                      00103 
                      00104         LABEL?L _MAIN   
                          M         RST?RP
                          M     if ((PREV_BANK & 1) != 0)
0035   1283               M         bcf     STATUS, RP0
                          M     endif
                          M     if ((PREV_BANK & 2) != 0)
                          M         bcf     STATUS, RP1
                          M     endif
  00000000                M PREV_BANK = 0
                          M     ifdef PM_USED
                          M         LALL
                          M _MAIN
                          M         XALL
                          M     else
0036                      M _MAIN
                          M     endif
                      00105 
                      00106 ; D:\PIC\PROGRAMS\LED_INTRODUCTION.PBP  00025   PORTB.0=1
                      00107         MOVE?CT 001h, _PORTB??0
                          M         CHK?RP  PORTB
                          M     if (((PORTB) & 180h) == 0)
                          M       if (PREV_BANK == 1)
                          M         bcf     STATUS, RP0
                          M       endif
                          M       if (PREV_BANK == 2)
                          M         bcf     STATUS, RP1
                          M       endif
                          M       if (PREV_BANK == 3)
                          M         bcf     STATUS, RP0
                          M         bcf     STATUS, RP1
                          M       endif
  00000000                M PREV_BANK = 0
                          M     endif
                          M 
                          M     if (((PORTB) & 180h) == 80h)
                          M       if (PREV_BANK == 0)
                          M         bsf     STATUS, RP0
                          M       endif
                          M       if (PREV_BANK == 2)
                          M         bsf     STATUS, RP0
                          M         bcf     STATUS, RP1
                          M       endif
                          M       if (PREV_BANK == 3)
                          M         bcf     STATUS, RP1
                          M       endif
                          M PREV_BANK = 1
                          M     endif
                          M 
                          M     if (((PORTB) & 180h) == 100h)
                          M       if (PREV_BANK == 0)
                          M         bsf     STATUS, RP1
                          M       endif
MPASM 5.76              LED_INTRODUCTION.ASM   8-3-2022  13:55:45         PAGE 13


LOC  OBJECT CODE     LINE SOURCE TEXT
  VALUE

                          M       if (PREV_BANK == 1)
                          M         bcf     STATUS, RP0
                          M         bsf     STATUS, RP1
                          M       endif
                          M       if (PREV_BANK == 3)
                          M         bcf     STATUS, RP0
                          M       endif
                          M PREV_BANK = 2
                          M     endif
                          M 
                          M     if (((PORTB) & 180h) == 180h)
                          M       if (PREV_BANK == 0)
                          M         bsf     STATUS, RP0
                          M         bsf     STATUS, RP1
                          M       endif
                          M       if (PREV_BANK == 1)
                          M         bsf     STATUS, RP1
                          M       endif
                          M       if (PREV_BANK == 2)
                          M         bsf     STATUS, RP0
                          M       endif
                          M PREV_BANK = 3
                          M     endif
                          M     if (((001h) & 1) == 1)
0036   1406               M         bsf     PORTB,  000h
                          M     else
                          M         bcf     PORTB,  000h
                          M     endif
                      00108 
                      00109 ; D:\PIC\PROGRAMS\LED_INTRODUCTION.PBP  00026   PAUSE 1000
                      00110         PAUSE?C 003E8h
                          M     if (((003E8h) >> 8) == 0)
                          M         MOVE?CA 003E8h
                          M         L?CALL  PAUSE
                          M     else
                          M         MOVE?CB (003E8h) >> 8, R1 + 1
                          M         CHK?RP  R1 + 1
                          M     if (((R1 + 1) & 180h) == 0)
                          M       if (PREV_BANK == 1)
                          M         bcf     STATUS, RP0
                          M       endif
                          M       if (PREV_BANK == 2)
                          M         bcf     STATUS, RP1
                          M       endif
                          M       if (PREV_BANK == 3)
                          M         bcf     STATUS, RP0
                          M         bcf     STATUS, RP1
                          M       endif
  00000000                M PREV_BANK = 0
                          M     endif
                          M 
                          M     if (((R1 + 1) & 180h) == 80h)
                          M       if (PREV_BANK == 0)
MPASM 5.76              LED_INTRODUCTION.ASM   8-3-2022  13:55:45         PAGE 14


LOC  OBJECT CODE     LINE SOURCE TEXT
  VALUE

                          M         bsf     STATUS, RP0
                          M       endif
                          M       if (PREV_BANK == 2)
                          M         bsf     STATUS, RP0
                          M         bcf     STATUS, RP1
                          M       endif
                          M       if (PREV_BANK == 3)
                          M         bcf     STATUS, RP1
                          M       endif
                          M PREV_BANK = 1
                          M     endif
                          M 
                          M     if (((R1 + 1) & 180h) == 100h)
                          M       if (PREV_BANK == 0)
                          M         bsf     STATUS, RP1
                          M       endif
                          M       if (PREV_BANK == 1)
                          M         bcf     STATUS, RP0
                          M         bsf     STATUS, RP1
                          M       endif
                          M       if (PREV_BANK == 3)
                          M         bcf     STATUS, RP0
                          M       endif
                          M PREV_BANK = 2
                          M     endif
                          M 
                          M     if (((R1 + 1) & 180h) == 180h)
                          M       if (PREV_BANK == 0)
                          M         bsf     STATUS, RP0
                          M         bsf     STATUS, RP1
                          M       endif
                          M       if (PREV_BANK == 1)
                          M         bsf     STATUS, RP1
                          M       endif
                          M       if (PREV_BANK == 2)
                          M         bsf     STATUS, RP0
                          M       endif
                          M PREV_BANK = 3
                          M     endif
                          M     if (low ((003E8h) >> 8) == 0)
                          M         clrf    R1 + 1
                          M     else
0037   3003               M         movlw   low ((003E8h) >> 8)
0038   00A3               M         movwf   R1 + 1
                          M     endif
                          M         MOVE?CA low (003E8h)
0039   30E8               M         movlw   low (low (003E8h))
                          M         L?CALL  PAUSEL
                          M         RST?RP
                          M     if ((PREV_BANK & 1) != 0)
                          M         bcf     STATUS, RP0
                          M     endif
                          M     if ((PREV_BANK & 2) != 0)
MPASM 5.76              LED_INTRODUCTION.ASM   8-3-2022  13:55:45         PAGE 15


LOC  OBJECT CODE     LINE SOURCE TEXT
  VALUE

                          M         bcf     STATUS, RP1
                          M     endif
  00000000                M PREV_BANK = 0
                          M 
                          M     ifdef USE_LINKER
                          M       if (CODE_SIZE > 2)
                          M         pagesel PAUSEL
                          M       endif
                          M     else
                          M       if ((PAUSEL) < 1)
                          M         if (CODE_SIZE > 2)
                          M           if (((PAUSEL) & 800h) == 0)
                          M         bcf     PCLATH, 3
                          M         else
                          M         bsf     PCLATH, 3
                          M         endif
                          M         endif
                          M         if (CODE_SIZE > 4)
                          M           if (((PAUSEL) & 1000h) == 0)
                          M         bcf     PCLATH, 4
                          M           else
                          M         bsf     PCLATH, 4
                          M           endif
                          M         endif
                          M       else
                          M         if ((PAUSEL) > $)
                          M           if (CODE_SIZE > 2)
                          M             if (((PAUSEL) & 800h) == 0)
                          M         bcf     PCLATH, 3
                          M             else
                          M         bsf     PCLATH, 3
                          M             endif
                          M           endif
                          M           if (CODE_SIZE > 4)
                          M             if (((PAUSEL) & 1000h) == 0)
                          M         bcf     PCLATH, 4
                          M             else
                          M         bsf     PCLATH, 4
                          M             endif
                          M           endif
                          M         else
                          M           if (CODE_SIZE > 2)
                          M             if (((PAUSEL) & 1800h) == 0)
003A   018A               M         clrf    PCLATH
                          M             else
                          M               if (((PAUSEL) & 800h) == 0)
                          M         bcf     PCLATH, 3
                          M               else
                          M         bsf     PCLATH, 3
                          M               endif
                          M               if (CODE_SIZE > 4)
                          M                 if (((PAUSEL) & 1000h) == 0)
                          M         bcf     PCLATH, 4
MPASM 5.76              LED_INTRODUCTION.ASM   8-3-2022  13:55:45         PAGE 16


LOC  OBJECT CODE     LINE SOURCE TEXT
  VALUE

                          M                 else
                          M         bsf     PCLATH, 4
                          M                 endif   
                          M               endif
                          M             endif
                          M           endif
                          M         endif
                          M       endif
                          M     endif
                          M 
003B   2002               M         call    PAUSEL
                          M     endif
                      00111 
                      00112 ; D:\PIC\PROGRAMS\LED_INTRODUCTION.PBP  00027   PORTB.0=0
                      00113         MOVE?CT 000h, _PORTB??0
                          M         CHK?RP  PORTB
                          M     if (((PORTB) & 180h) == 0)
                          M       if (PREV_BANK == 1)
                          M         bcf     STATUS, RP0
                          M       endif
                          M       if (PREV_BANK == 2)
                          M         bcf     STATUS, RP1
                          M       endif
                          M       if (PREV_BANK == 3)
                          M         bcf     STATUS, RP0
                          M         bcf     STATUS, RP1
                          M       endif
  00000000                M PREV_BANK = 0
                          M     endif
                          M 
                          M     if (((PORTB) & 180h) == 80h)
                          M       if (PREV_BANK == 0)
                          M         bsf     STATUS, RP0
                          M       endif
                          M       if (PREV_BANK == 2)
                          M         bsf     STATUS, RP0
                          M         bcf     STATUS, RP1
                          M       endif
                          M       if (PREV_BANK == 3)
                          M         bcf     STATUS, RP1
                          M       endif
                          M PREV_BANK = 1
                          M     endif
                          M 
                          M     if (((PORTB) & 180h) == 100h)
                          M       if (PREV_BANK == 0)
                          M         bsf     STATUS, RP1
                          M       endif
                          M       if (PREV_BANK == 1)
                          M         bcf     STATUS, RP0
                          M         bsf     STATUS, RP1
                          M       endif
                          M       if (PREV_BANK == 3)
MPASM 5.76              LED_INTRODUCTION.ASM   8-3-2022  13:55:45         PAGE 17


LOC  OBJECT CODE     LINE SOURCE TEXT
  VALUE

                          M         bcf     STATUS, RP0
                          M       endif
                          M PREV_BANK = 2
                          M     endif
                          M 
                          M     if (((PORTB) & 180h) == 180h)
                          M       if (PREV_BANK == 0)
                          M         bsf     STATUS, RP0
                          M         bsf     STATUS, RP1
                          M       endif
                          M       if (PREV_BANK == 1)
                          M         bsf     STATUS, RP1
                          M       endif
                          M       if (PREV_BANK == 2)
                          M         bsf     STATUS, RP0
                          M       endif
                          M PREV_BANK = 3
                          M     endif
                          M     if (((000h) & 1) == 1)
                          M         bsf     PORTB,  000h
                          M     else
003C   1006               M         bcf     PORTB,  000h
                          M     endif
                      00114 
                      00115 ; D:\PIC\PROGRAMS\LED_INTRODUCTION.PBP  00028   PAUSE 1000
                      00116         PAUSE?C 003E8h
                          M     if (((003E8h) >> 8) == 0)
                          M         MOVE?CA 003E8h
                          M         L?CALL  PAUSE
                          M     else
                          M         MOVE?CB (003E8h) >> 8, R1 + 1
                          M         CHK?RP  R1 + 1
                          M     if (((R1 + 1) & 180h) == 0)
                          M       if (PREV_BANK == 1)
                          M         bcf     STATUS, RP0
                          M       endif
                          M       if (PREV_BANK == 2)
                          M         bcf     STATUS, RP1
                          M       endif
                          M       if (PREV_BANK == 3)
                          M         bcf     STATUS, RP0
                          M         bcf     STATUS, RP1
                          M       endif
  00000000                M PREV_BANK = 0
                          M     endif
                          M 
                          M     if (((R1 + 1) & 180h) == 80h)
                          M       if (PREV_BANK == 0)
                          M         bsf     STATUS, RP0
                          M       endif
                          M       if (PREV_BANK == 2)
                          M         bsf     STATUS, RP0
                          M         bcf     STATUS, RP1
MPASM 5.76              LED_INTRODUCTION.ASM   8-3-2022  13:55:45         PAGE 18


LOC  OBJECT CODE     LINE SOURCE TEXT
  VALUE

                          M       endif
                          M       if (PREV_BANK == 3)
                          M         bcf     STATUS, RP1
                          M       endif
                          M PREV_BANK = 1
                          M     endif
                          M 
                          M     if (((R1 + 1) & 180h) == 100h)
                          M       if (PREV_BANK == 0)
                          M         bsf     STATUS, RP1
                          M       endif
                          M       if (PREV_BANK == 1)
                          M         bcf     STATUS, RP0
                          M         bsf     STATUS, RP1
                          M       endif
                          M       if (PREV_BANK == 3)
                          M         bcf     STATUS, RP0
                          M       endif
                          M PREV_BANK = 2
                          M     endif
                          M 
                          M     if (((R1 + 1) & 180h) == 180h)
                          M       if (PREV_BANK == 0)
                          M         bsf     STATUS, RP0
                          M         bsf     STATUS, RP1
                          M       endif
                          M       if (PREV_BANK == 1)
                          M         bsf     STATUS, RP1
                          M       endif
                          M       if (PREV_BANK == 2)
                          M         bsf     STATUS, RP0
                          M       endif
                          M PREV_BANK = 3
                          M     endif
                          M     if (low ((003E8h) >> 8) == 0)
                          M         clrf    R1 + 1
                          M     else
003D   3003               M         movlw   low ((003E8h) >> 8)
003E   00A3               M         movwf   R1 + 1
                          M     endif
                          M         MOVE?CA low (003E8h)
003F   30E8               M         movlw   low (low (003E8h))
                          M         L?CALL  PAUSEL
                          M         RST?RP
                          M     if ((PREV_BANK & 1) != 0)
                          M         bcf     STATUS, RP0
                          M     endif
                          M     if ((PREV_BANK & 2) != 0)
                          M         bcf     STATUS, RP1
                          M     endif
  00000000                M PREV_BANK = 0
                          M 
                          M     ifdef USE_LINKER
MPASM 5.76              LED_INTRODUCTION.ASM   8-3-2022  13:55:45         PAGE 19


LOC  OBJECT CODE     LINE SOURCE TEXT
  VALUE

                          M       if (CODE_SIZE > 2)
                          M         pagesel PAUSEL
                          M       endif
                          M     else
                          M       if ((PAUSEL) < 1)
                          M         if (CODE_SIZE > 2)
                          M           if (((PAUSEL) & 800h) == 0)
                          M         bcf     PCLATH, 3
                          M         else
                          M         bsf     PCLATH, 3
                          M         endif
                          M         endif
                          M         if (CODE_SIZE > 4)
                          M           if (((PAUSEL) & 1000h) == 0)
                          M         bcf     PCLATH, 4
                          M           else
                          M         bsf     PCLATH, 4
                          M           endif
                          M         endif
                          M       else
                          M         if ((PAUSEL) > $)
                          M           if (CODE_SIZE > 2)
                          M             if (((PAUSEL) & 800h) == 0)
                          M         bcf     PCLATH, 3
                          M             else
                          M         bsf     PCLATH, 3
                          M             endif
                          M           endif
                          M           if (CODE_SIZE > 4)
                          M             if (((PAUSEL) & 1000h) == 0)
                          M         bcf     PCLATH, 4
                          M             else
                          M         bsf     PCLATH, 4
                          M             endif
                          M           endif
                          M         else
                          M           if (CODE_SIZE > 2)
                          M             if (((PAUSEL) & 1800h) == 0)
0040   018A               M         clrf    PCLATH
                          M             else
                          M               if (((PAUSEL) & 800h) == 0)
                          M         bcf     PCLATH, 3
                          M               else
                          M         bsf     PCLATH, 3
                          M               endif
                          M               if (CODE_SIZE > 4)
                          M                 if (((PAUSEL) & 1000h) == 0)
                          M         bcf     PCLATH, 4
                          M                 else
                          M         bsf     PCLATH, 4
                          M                 endif   
                          M               endif
                          M             endif
MPASM 5.76              LED_INTRODUCTION.ASM   8-3-2022  13:55:45         PAGE 20


LOC  OBJECT CODE     LINE SOURCE TEXT
  VALUE

                          M           endif
                          M         endif
                          M       endif
                          M     endif
                          M 
0041   2002               M         call    PAUSEL
                          M     endif
                      00117 
                      00118 ; D:\PIC\PROGRAMS\LED_INTRODUCTION.PBP  00029   GOTO MAIN
                      00119         GOTO?L  _MAIN
                          M         L?GOTO  _MAIN
                          M     ifdef USE_LINKER
                          M         CLRWDT?
                          M     else
                          M       if ($ == (_MAIN))
                          M         CLRWDT?
                          M       endif
                          M     endif
                          M 
                          M         RST?RP
                          M     if ((PREV_BANK & 1) != 0)
                          M         bcf     STATUS, RP0
                          M     endif
                          M     if ((PREV_BANK & 2) != 0)
                          M         bcf     STATUS, RP1
                          M     endif
  00000000                M PREV_BANK = 0
                          M 
                          M     ifdef USE_LINKER
                          M       if (CODE_SIZE > 2)
                          M         pagesel _MAIN
                          M       endif
                          M     else
                          M       if ((_MAIN) < 1)
                          M         if (CODE_SIZE > 2)
                          M           if (((_MAIN) & 800h) == 0)
                          M         bcf     PCLATH, 3
                          M           else
                          M         bsf     PCLATH, 3
                          M           endif
                          M         endif
                          M         if (CODE_SIZE > 4)
                          M           if (((_MAIN) & 1000h) == 0)
                          M         bcf     PCLATH, 4
                          M           else
                          M         bsf     PCLATH, 4
                          M           endif
                          M         endif
                          M       else
                          M         if ((_MAIN) > $)
                          M           if (CODE_SIZE > 2)
                          M             if (((_MAIN) & 800h) == 0)
                          M         bcf     PCLATH, 3
MPASM 5.76              LED_INTRODUCTION.ASM   8-3-2022  13:55:45         PAGE 21


LOC  OBJECT CODE     LINE SOURCE TEXT
  VALUE

                          M             else
                          M         bsf     PCLATH, 3
                          M             endif
                          M           endif
                          M           if (CODE_SIZE > 4)
                          M             if (((_MAIN) & 1000h) == 0)
                          M         bcf     PCLATH, 4
                          M             else
                          M         bsf     PCLATH, 4
                          M             endif
                          M           endif
                          M         else
                          M           if (CODE_SIZE > 2)
                          M             if (((_MAIN) & 1800h) == 0)
0042   018A               M         clrf    PCLATH
                          M             else
                          M               if (((_MAIN) & 800h) == 0)
                          M         bcf     PCLATH, 3
                          M               else
                          M         bsf     PCLATH, 3
                          M               endif
                          M               if (CODE_SIZE > 4)
                          M                 if (((_MAIN) & 1000h) == 0)
                          M         bcf     PCLATH, 4
                          M                 else
                          M         bsf     PCLATH, 4
                          M                 endif
                          M               endif
                          M             endif
                          M           endif
                          M         endif
                          M       endif
                          M     endif
                          M 
0043   2836               M         goto    _MAIN
                      00120 
                      00121         END
MPASM 5.76              LED_INTRODUCTION.ASM   8-3-2022  13:55:45         PAGE 22


SYMBOL TABLE
  LABEL                             VALUE 

ABDEN                             00000000
ABDOVF                            00000007
ACKDT                             00000005
ACKEN                             00000004
ACKSTAT                           00000006
ADCON0                            0000001F
ADCON1                            0000009F
ADCS0                             00000006
ADCS1                             00000007
ADC_BITS                          00000008
ADC_CLOCK                         00000003
ADC_SAMPLEUS                      00000032
ADDEN                             00000003
ADFM                              00000007
ADIE                              00000006
ADIF                              00000006
ADON                              00000000
ADRESH                            0000001E
ADRESL                            0000009E
ANS0                              00000000
ANS1                              00000001
ANS10                             00000002
ANS11                             00000003
ANS12                             00000004
ANS13                             00000005
ANS2                              00000002
ANS3                              00000003
ANS4                              00000004
ANS5                              00000005
ANS6                              00000006
ANS7                              00000007
ANS8                              00000000
ANS9                              00000001
ANSEL                             00000188
ANSELH                            00000189
BANK0_END                         0000007F
BANK0_START                       00000020
BANK1_END                         000000EF
BANK1_START                       000000A0
BANK2_END                         0000016F
BANK2_START                       00000110
BANK3_END                         000001EF
BANK3_START                       00000190
BAUDCTL                           00000187
BCLIE                             00000003
BCLIF                             00000003
BF                                00000000
BIT?FLIP                          
BIT?FW                            
BIT?GOTO                          
BIT?R1                            
BIT?R2                            
BIT?W                             
MPASM 5.76              LED_INTRODUCTION.ASM   8-3-2022  13:55:45         PAGE 23


SYMBOL TABLE
  LABEL                             VALUE 

BRG0                              00000000
BRG1                              00000001
BRG10                             00000002
BRG11                             00000003
BRG12                             00000004
BRG13                             00000005
BRG14                             00000006
BRG15                             00000007
BRG16                             00000003
BRG2                              00000002
BRG3                              00000003
BRG4                              00000004
BRG5                              00000005
BRG6                              00000006
BRG7                              00000007
BRG8                              00000000
BRG9                              00000001
BRGH                              00000002
BUTTON_PAUSE                      0000000A
C                                 00000000
C1CH0                             00000000
C1CH1                             00000001
C1IE                              00000005
C1IF                              00000005
C1OE                              00000005
C1ON                              00000007
C1OUT                             00000006
C1POL                             00000004
C1R                               00000002
C1RSEL                            00000005
C1SEN                             00000005
C2CH0                             00000000
C2CH1                             00000001
C2IE                              00000006
C2IF                              00000006
C2OE                              00000005
C2ON                              00000007
C2OUT                             00000006
C2POL                             00000004
C2R                               00000002
C2REN                             00000004
C2RSEL                            00000004
C2SYNC                            00000000
CCP1CON                           00000017
CCP1IE                            00000002
CCP1IF                            00000002
CCP1M0                            00000000
CCP1M1                            00000001
CCP1M2                            00000002
CCP1M3                            00000003
CCP1X                             00000005
CCP1Y                             00000004
CCP1_BIT                          00000002
MPASM 5.76              LED_INTRODUCTION.ASM   8-3-2022  13:55:45         PAGE 24


SYMBOL TABLE
  LABEL                             VALUE 

CCP1_REG                          00000007
CCP2CON                           0000001D
CCP2IE                            00000000
CCP2IF                            00000000
CCP2M0                            00000000
CCP2M1                            00000001
CCP2M2                            00000002
CCP2M3                            00000003
CCP2X                             00000005
CCP2Y                             00000004
CCP2_BIT                          00000001
CCP2_REG                          00000007
CCPR1                             00000015
CCPR1H                            00000016
CCPR1L                            00000015
CCPR2                             0000001B
CCPR2H                            0000001C
CCPR2L                            0000001B
CHK?RP                            
CHS0                              00000002
CHS1                              00000003
CHS2                              00000004
CHS3                              00000005
CKE                               00000006
CKP                               00000004
CLRWDT?                           
CLRWDT?NOP                        
CM1CON0                           00000107
CM2CON0                           00000108
CM2CON1                           00000109
CODE_SIZE                         8
CREN                              00000004
CSRC                              00000007
D                                 00000005
DATA_ADDRESS                      00000005
DC                                00000001
DC1B0                             00000004
DC1B1                             00000005
DC2B0                             00000004
DC2B1                             00000005
DEBUGIN_BIT                       00000000
DEBUGIN_MODE                      00000001
DEBUGIN_REG                       00000006
DEBUG_BAUD                        00000960
DEBUG_BIT                         00000000
DEBUG_DELAY                       00000193
DEBUG_MODE                        00000001
DEBUG_REG                         00000006
DONE                              00000023
DONERET                           00000027
DONE_USED                         00000001
D_A                               00000005
D_NOT_A                           00000005
MPASM 5.76              LED_INTRODUCTION.ASM   8-3-2022  13:55:45         PAGE 25


SYMBOL TABLE
  LABEL                             VALUE 

ECCPAS                            0000009C
ECCPAS0                           00000004
ECCPAS1                           00000005
ECCPAS2                           00000006
ECCPASE                           00000007
EEADR                             0000010D
EEADRH                            0000010F
EECON1                            0000018C
EECON2                            0000018D
EEDAT                             0000010C
EEDATA                            0000010C
EEDATH                            0000010E
EEIE                              00000004
EEIF                              00000004
EEPGD                             00000007
EEPROM_END                        000021FF
EEPROM_START                      00002100
F                                 00000001
FERR                              00000002
FLAGS                             00000032
FSR                               00000004
FVREN                             00000000
GCEN                              00000007
GIE                               00000007
GO                                00000001
GOP                               00000033
GOTO?L                            
GO_DONE                           00000001
GO_NOT_DONE                       00000001
HSER_BAUD                         00000960
HSER_BITS                         00000008
HSER_RCSTA                        00000090
HSER_SPBRG                        00000019
HSER_TXSTA                        00000020
HTS                               00000002
I2CFIRSTFLAG                      FLAGS, 2
I2CREADFLAG                       FLAGS, 3
I2CSTOPFLAG                       FLAGS, 5
I2CSTOPSTRFLAG                    FLAGS, 6
I2CWRITEFLAG                      FLAGS, 4
I2C_DATA                          00000005
I2C_READ                          00000002
I2C_START                         00000003
I2C_STOP                          00000004
INDF                              00000000
INIT                              00000028
INTCON                            0000000B
INTE                              00000004
INTEDG                            00000006
INTF                              00000001
IOCB                              00000096
IOCB0                             00000000
IOCB1                             00000001
MPASM 5.76              LED_INTRODUCTION.ASM   8-3-2022  13:55:45         PAGE 26


SYMBOL TABLE
  LABEL                             VALUE 

IOCB2                             00000002
IOCB3                             00000003
IOCB4                             00000004
IOCB5                             00000005
IOCB6                             00000006
IOCB7                             00000007
IRCF0                             00000004
IRCF1                             00000005
IRCF2                             00000006
IRP                               00000007
L?CALL                            
L?GOTO                            
LABEL?L                           
LCDCDFLAG                         FLAGS, 0
LCDINITFLAG                       FLAGS, 1
LCD_BITS                          00000004
LCD_COMMANDUS                     000007D0
LCD_DATAUS                        00000032
LCD_DBIT                          00000000
LCD_DREG                          00000005
LCD_EBIT                          00000003
LCD_EREG                          00000006
LCD_LINES                         00000002
LCD_RSBIT                         00000004
LCD_RSREG                         00000005
LCD_RWBIT                         00000004
LCD_RWREG                         00000005
LTS                               00000001
MC1OUT                            00000007
MC2OUT                            00000006
MOVE?AB                           
MOVE?AT                           
MOVE?AW                           
MOVE?AWW                          
MOVE?BA                           
MOVE?BB                           
MOVE?BT                           
MOVE?BW                           
MOVE?CA                           
MOVE?CB                           
MOVE?CT                           
MOVE?CW                           
MOVE?TA                           
MOVE?TB                           
MOVE?TT                           
MOVE?TW                           
MOVE?WA                           
MOVE?WB                           
MOVE?WT                           
MOVE?WW                           
MOVE?WWA                          
MSK                               00000093
MSK0                              00000000
MPASM 5.76              LED_INTRODUCTION.ASM   8-3-2022  13:55:45         PAGE 27


SYMBOL TABLE
  LABEL                             VALUE 

MSK1                              00000001
MSK2                              00000002
MSK3                              00000003
MSK4                              00000004
MSK5                              00000005
MSK6                              00000006
MSK7                              00000007
NOT_A                             00000005
NOT_ADDRESS                       00000005
NOT_BO                            00000000
NOT_BOR                           00000000
NOT_DONE                          00000001
NOT_PD                            00000003
NOT_POR                           00000001
NOT_RBPU                          00000007
NOT_RC8                           00000006
NOT_T1SYNC                        00000002
NOT_TO                            00000004
NOT_TX8                           00000006
NOT_W                             00000002
NOT_WRITE                         00000002
OERR                              00000001
OPTION_REG                        00000081
OSC                               00000004
OSCCON                            0000008F
OSCTUNE                           00000090
OSC_VALID                         00000001
OSFIE                             00000007
OSFIF                             00000007
OSTS                              00000003
P                                 00000004
P1M0                              00000006
P1M1                              00000007
PAUSE                             00000001
PAUSE?C                           
PAUSEL                            00000002
PAUSEUS                           0000000E
PAUSEUSL                          0000000F
PAUSEUS_USED                      00000001
PAUSE_DELAY                       000003DF
PAUSE_USED                        00000001
PCL                               00000002
PCLATH                            0000000A
PCON                              0000008E
PDC0                              00000000
PDC1                              00000001
PDC2                              00000002
PDC3                              00000003
PDC4                              00000004
PDC5                              00000005
PDC6                              00000006
PEIE                              00000006
PEN                               00000002
MPASM 5.76              LED_INTRODUCTION.ASM   8-3-2022  13:55:45         PAGE 28


SYMBOL TABLE
  LABEL                             VALUE 

PIE1                              0000008C
PIE2                              0000008D
PIR1                              0000000C
PIR2                              0000000D
PORTA                             00000005
PORTB                             00000006
PORTC                             00000007
PORTD                             00000008
PORTE                             00000009
PR2                               00000092
PREV_BANK                         00000000
PRSEN                             00000007
PS0                               00000000
PS1                               00000001
PS2                               00000002
PSA                               00000003
PSSAC0                            00000002
PSSAC1                            00000003
PSSBD0                            00000000
PSSBD1                            00000001
PSTRCON                           0000009D
PULSR                             00000002
PULSS                             00000003
PWM1CON                           0000009B
R                                 00000002
R0                                00000020
R1                                00000022
R2                                00000024
R3                                00000026
R4                                00000028
R5                                0000002A
R6                                0000002C
R7                                0000002E
R8                                00000030
RA0                               00000000
RA1                               00000001
RA2                               00000002
RA3                               00000003
RA4                               00000004
RA5                               00000005
RA6                               00000006
RA7                               00000007
RAM_BANKS                         00000004
RAM_END                           000001EF
RAM_START                         00000020
RB0                               00000000
RB1                               00000001
RB2                               00000002
RB3                               00000003
RB4                               00000004
RB5                               00000005
RB6                               00000006
RB7                               00000007
MPASM 5.76              LED_INTRODUCTION.ASM   8-3-2022  13:55:45         PAGE 29


SYMBOL TABLE
  LABEL                             VALUE 

RBIE                              00000003
RBIF                              00000000
RC0                               00000000
RC1                               00000001
RC2                               00000002
RC3                               00000003
RC4                               00000004
RC5                               00000005
RC6                               00000006
RC7                               00000007
RC8_9                             00000006
RC9                               00000006
RCD8                              00000000
RCEN                              00000003
RCIDL                             00000006
RCIE                              00000005
RCIF                              00000005
RCREG                             0000001A
RCSTA                             00000018
RD                                00000000
RD0                               00000000
RD1                               00000001
RD2                               00000002
RD3                               00000003
RD4                               00000004
RD5                               00000005
RD6                               00000006
RD7                               00000007
RE0                               00000000
RE1                               00000001
RE2                               00000002
RE3                               00000003
READ_WRITE                        00000002
RESET_ORG                         00000000
RM1                               00000034
RM2                               00000035
RP0                               00000005
RP1                               00000006
RR1                               00000036
RR2                               00000037
RSEN                              00000001
RST?RP                            
RX9                               00000006
RX9D                              00000000
R_NOT_W                           00000002
R_W                               00000002
S                                 00000003
SBOREN                            00000004
SCKP                              00000004
SCS                               00000000
SEN                               00000000
SENDB                             00000003
SMP                               00000007
MPASM 5.76              LED_INTRODUCTION.ASM   8-3-2022  13:55:45         PAGE 30


SYMBOL TABLE
  LABEL                             VALUE 

SPBRG                             00000099
SPBRGH                            0000009A
SPEN                              00000007
SR0                               00000006
SR1                               00000007
SRCON                             00000185
SREN                              00000005
SSPADD                            00000093
SSPBUF                            00000013
SSPCON                            00000014
SSPCON2                           00000091
SSPEN                             00000005
SSPIE                             00000003
SSPIF                             00000003
SSPM0                             00000000
SSPM1                             00000001
SSPM2                             00000002
SSPM3                             00000003
SSPMSK                            00000093
SSPOV                             00000006
SSPSTAT                           00000094
STATUS                            00000003
STRA                              00000000
STRB                              00000001
STRC                              00000002
STRD                              00000003
STRSYNC                           00000004
SWDTEN                            00000000
SYNC                              00000004
T0CS                              00000005
T0IE                              00000005
T0IF                              00000002
T0SE                              00000004
T1CKPS0                           00000004
T1CKPS1                           00000005
T1CON                             00000010
T1GINV                            00000007
T1GIV                             00000007
T1GSS                             00000001
T1INSYNC                          00000002
T1OSCEN                           00000003
T1SYNC                            00000002
T2CKPS0                           00000000
T2CKPS1                           00000001
T2CON                             00000012
TMR0                              00000001
TMR0IE                            00000005
TMR0IF                            00000002
TMR1                              0000000E
TMR1CS                            00000001
TMR1GE                            00000006
TMR1H                             0000000F
TMR1IE                            00000000
MPASM 5.76              LED_INTRODUCTION.ASM   8-3-2022  13:55:45         PAGE 31


SYMBOL TABLE
  LABEL                             VALUE 

TMR1IF                            00000000
TMR1L                             0000000E
TMR1ON                            00000000
TMR2                              00000011
TMR2IE                            00000001
TMR2IF                            00000001
TMR2ON                            00000002
TOUTPS0                           00000003
TOUTPS1                           00000004
TOUTPS2                           00000005
TOUTPS3                           00000006
TRISA                             00000085
TRISA0                            00000000
TRISA1                            00000001
TRISA2                            00000002
TRISA3                            00000003
TRISA4                            00000004
TRISA5                            00000005
TRISA6                            00000006
TRISA7                            00000007
TRISB                             00000086
TRISB0                            00000000
TRISB1                            00000001
TRISB2                            00000002
TRISB3                            00000003
TRISB4                            00000004
TRISB5                            00000005
TRISB6                            00000006
TRISB7                            00000007
TRISC                             00000087
TRISC0                            00000000
TRISC1                            00000001
TRISC2                            00000002
TRISC3                            00000003
TRISC4                            00000004
TRISC5                            00000005
TRISC6                            00000006
TRISC7                            00000007
TRISD                             00000088
TRISD0                            00000000
TRISD1                            00000001
TRISD2                            00000002
TRISD3                            00000003
TRISD4                            00000004
TRISD5                            00000005
TRISD6                            00000006
TRISD7                            00000007
TRISE                             00000089
TRISE0                            00000000
TRISE1                            00000001
TRISE2                            00000002
TRISE3                            00000003
TRMT                              00000001
MPASM 5.76              LED_INTRODUCTION.ASM   8-3-2022  13:55:45         PAGE 32


SYMBOL TABLE
  LABEL                             VALUE 

TUN0                              00000000
TUN1                              00000001
TUN2                              00000002
TUN3                              00000003
TUN4                              00000004
TX8_9                             00000006
TX9                               00000006
TX9D                              00000000
TXD8                              00000000
TXEN                              00000005
TXIE                              00000004
TXIF                              00000004
TXREG                             00000019
TXSTA                             00000098
UA                                00000001
ULPWUE                            00000005
ULPWUIE                           00000002
ULPWUIF                           00000002
VCFG0                             00000004
VCFG1                             00000005
VR0                               00000000
VR1                               00000001
VR2                               00000002
VR3                               00000003
VRCON                             00000097
VREN                              00000007
VROE                              00000006
VRR                               00000005
VRSS                              00000004
W                                 00000000
WCOL                              00000007
WDTCON                            00000105
WDTPS0                            00000001
WDTPS1                            00000002
WDTPS2                            00000003
WDTPS3                            00000004
WPUB                              00000095
WPUB0                             00000000
WPUB1                             00000001
WPUB2                             00000002
WPUB3                             00000003
WPUB4                             00000004
WPUB5                             00000005
WPUB6                             00000006
WPUB7                             00000007
WR                                00000001
WREN                              00000002
WRERR                             00000003
WUE                               00000001
Z                                 00000002
_BOR21V                           00003EFF
_BOR40V                           00003FFF
_BOR4V_BOR21V                     00003EFF
MPASM 5.76              LED_INTRODUCTION.ASM   8-3-2022  13:55:45         PAGE 33


SYMBOL TABLE
  LABEL                             VALUE 

_BOR4V_BOR40V                     00003FFF
_BOREN_NSLEEP                     00003EFF
_BOREN_OFF                        00003CFF
_BOREN_ON                         00003FFF
_BOREN_SBODEN                     00003DFF
_BOR_NSLEEP                       00003EFF
_BOR_OFF                          00003CFF
_BOR_ON                           00003FFF
_BOR_SBODEN                       00003DFF
_CONFIG1                          00002007
_CONFIG2                          00002008
_CPD_OFF                          00003FFF
_CPD_ON                           00003F7F
_CP_OFF                           00003FFF
_CP_ON                            00003FBF
_DEBUG_OFF                        00003FFF
_DEBUG_ON                         00001FFF
_DEVID1                           00002006
_EC_OSC                           00003FFB
_EXTRC                            00003FFF
_EXTRCIO                          00003FFE
_EXTRC_OSC_CLKOUT                 00003FFF
_EXTRC_OSC_NOCLKOUT               00003FFE
_FCMEN_OFF                        000037FF
_FCMEN_ON                         00003FFF
_FOSC_EC                          00003FFB
_FOSC_EXTRC_CLKOUT                00003FFF
_FOSC_EXTRC_NOCLKOUT              00003FFE
_FOSC_HS                          00003FFA
_FOSC_INTRC_CLKOUT                00003FFD
_FOSC_INTRC_NOCLKOUT              00003FFC
_FOSC_LP                          00003FF8
_FOSC_XT                          00003FF9
_HS_OSC                           00003FFA
_IDLOC0                           00002000
_IDLOC1                           00002001
_IDLOC2                           00002002
_IDLOC3                           00002003
_IESO_OFF                         00003BFF
_IESO_ON                          00003FFF
_INTOSC                           00003FFD
_INTOSCIO                         00003FFC
_INTRC_OSC_CLKOUT                 00003FFD
_INTRC_OSC_NOCLKOUT               00003FFC
_LP_OSC                           00003FF8
_LVP_OFF                          00002FFF
_LVP_ON                           00003FFF
_MAIN                             00000036
_MCLRE_OFF                        00003FDF
_MCLRE_ON                         00003FFF
_PORTB??0                         PORTB, 000h
_PORTH                            00000007
_PORTL                            00000006
MPASM 5.76              LED_INTRODUCTION.ASM   8-3-2022  13:55:45         PAGE 34


SYMBOL TABLE
  LABEL                             VALUE 

_PWRTE_OFF                        00003FFF
_PWRTE_ON                         00003FEF
_TRISH                            00000087
_TRISL                            00000086
_USED                             00000001
_WDTE_OFF                         00003FF7
_WDTE_ON                          00003FFF
_WDT_OFF                          00003FF7
_WDT_ON                           00003FFF
_WRT_1FOURTH                      00003BFF
_WRT_256                          00003DFF
_WRT_HALF                         000039FF
_WRT_OFF                          00003FFF
_XT_OSC                           00003FF9
__16F887                          00000001
main                              00000028
osc                               4
pauseloop                         00000003
pauseusdone                       00000022
pauseush                          00000018
pauseusloop                       00000015


MEMORY USAGE MAP ('X' = Used,  '-' = Unused)

0000 : XXXXXXXXXXXXXXXX XXXXXXXXXXXXXXXX XXXXXXXXXXXXXXXX XXXXXXXXXXXXXXXX
0040 : XXXX------------ ---------------- ---------------- ----------------
2000 : -------X-------- ---------------- ---------------- ----------------

All other memory blocks unused.

Program Memory Words Used:    68
Program Memory Words Free:  8124


Errors   :     0
Warnings :     0 reported,     0 suppressed
Messages :     0 reported,     5 suppressed

